<?xml version="1.0" encoding="UTF-8"?>
<testng-results skipped="4" failed="2" total="10" passed="4">
  <reporter-output>
  </reporter-output>
  <suite name="book-flight-module" duration-ms="35127" started-at="2020-04-13T08:22:24Z" finished-at="2020-04-13T08:23:00Z">
    <groups>
    </groups>
    <test name="book-flight-2-people" duration-ms="34994" started-at="2020-04-13T08:22:24Z" finished-at="2020-04-13T08:22:59Z">
      <class name="com.newtours.tests.BookingFlightTest">
        <test-method status="PASS" signature="setUpDriver()[pri:0, instance:com.newtours.tests.BookingFlightTest@445b84c0]" name="setUpDriver" is-config="true" duration-ms="4689" started-at="2020-04-13T13:52:24Z" finished-at="2020-04-13T13:52:29Z">
          <reporter-output>
          </reporter-output>
        </test-method> <!-- setUpDriver -->
        <test-method status="PASS" signature="registrationPageTest()[pri:0, instance:com.newtours.tests.BookingFlightTest@445b84c0]" name="registrationPageTest" duration-ms="28419" started-at="2020-04-13T13:52:29Z" finished-at="2020-04-13T13:52:58Z">
          <reporter-output>
          </reporter-output>
        </test-method> <!-- registrationPageTest -->
        <test-method status="PASS" signature="registrationConfirmationPage()[pri:0, instance:com.newtours.tests.BookingFlightTest@445b84c0]" name="registrationConfirmationPage" duration-ms="1336" started-at="2020-04-13T13:52:58Z" depends-on-methods="com.newtours.tests.BookingFlightTest.registrationPageTest" finished-at="2020-04-13T13:52:59Z">
          <reporter-output>
          </reporter-output>
        </test-method> <!-- registrationConfirmationPage -->
        <test-method status="FAIL" signature="enterFlightDetails()[pri:0, instance:com.newtours.tests.BookingFlightTest@445b84c0]" name="enterFlightDetails" duration-ms="445" started-at="2020-04-13T13:52:59Z" depends-on-methods="com.newtours.tests.BookingFlightTest.registrationConfirmationPage" finished-at="2020-04-13T13:52:59Z">
          <exception class="java.lang.NullPointerException">
            <full-stacktrace>
              <![CDATA[java.lang.NullPointerException
	at org.openqa.selenium.support.ui.Quotes.escape(Quotes.java:42)
	at org.openqa.selenium.support.ui.Select.selectByValue(Select.java:197)
	at com.newtours.pages.FlightDetailsPage.selectPassengers(FlightDetailsPage.java:32)
	at com.newtours.tests.BookingFlightTest.enterFlightDetails(BookingFlightTest.java:55)
	at sun.reflect.NativeMethodAccessorImpl.invoke0(Native Method)
	at sun.reflect.NativeMethodAccessorImpl.invoke(NativeMethodAccessorImpl.java:62)
	at sun.reflect.DelegatingMethodAccessorImpl.invoke(DelegatingMethodAccessorImpl.java:43)
	at java.lang.reflect.Method.invoke(Method.java:498)
	at org.testng.internal.MethodInvocationHelper.invokeMethod(MethodInvocationHelper.java:84)
	at org.testng.internal.Invoker.invokeMethod(Invoker.java:714)
	at org.testng.internal.Invoker.invokeTestMethod(Invoker.java:901)
	at org.testng.internal.Invoker.invokeTestMethods(Invoker.java:1231)
	at org.testng.internal.TestMethodWorker.invokeTestMethods(TestMethodWorker.java:127)
	at org.testng.internal.TestMethodWorker.run(TestMethodWorker.java:111)
	at org.testng.TestRunner.privateRun(TestRunner.java:767)
	at org.testng.TestRunner.run(TestRunner.java:617)
	at org.testng.SuiteRunner.runTest(SuiteRunner.java:334)
	at org.testng.SuiteRunner.access$000(SuiteRunner.java:37)
	at org.testng.SuiteRunner$SuiteWorker.run(SuiteRunner.java:368)
	at org.testng.internal.thread.ThreadUtil$2.call(ThreadUtil.java:64)
	at java.util.concurrent.FutureTask.run(FutureTask.java:266)
	at java.util.concurrent.ThreadPoolExecutor.runWorker(ThreadPoolExecutor.java:1149)
	at java.util.concurrent.ThreadPoolExecutor$Worker.run(ThreadPoolExecutor.java:624)
	at java.lang.Thread.run(Thread.java:748)
]]>
            </full-stacktrace>
          </exception> <!-- java.lang.NullPointerException -->
          <reporter-output>
          </reporter-output>
        </test-method> <!-- enterFlightDetails -->
        <test-method status="SKIP" signature="findFlightPage()[pri:0, instance:com.newtours.tests.BookingFlightTest@445b84c0]" name="findFlightPage" duration-ms="0" started-at="2020-04-13T13:52:59Z" depends-on-methods="com.newtours.tests.BookingFlightTest.enterFlightDetails" finished-at="2020-04-13T13:52:59Z">
          <reporter-output>
          </reporter-output>
        </test-method> <!-- findFlightPage -->
        <test-method status="SKIP" signature="flightConfirmation()[pri:0, instance:com.newtours.tests.BookingFlightTest@445b84c0]" name="flightConfirmation" duration-ms="0" started-at="2020-04-13T13:52:59Z" depends-on-methods="com.newtours.tests.BookingFlightTest.findFlightPage" finished-at="2020-04-13T13:52:59Z">
          <reporter-output>
          </reporter-output>
        </test-method> <!-- flightConfirmation -->
        <test-method status="PASS" signature="quitDriver()[pri:0, instance:com.newtours.tests.BookingFlightTest@445b84c0]" name="quitDriver" is-config="true" duration-ms="66" started-at="2020-04-13T13:52:59Z" finished-at="2020-04-13T13:52:59Z">
          <reporter-output>
          </reporter-output>
        </test-method> <!-- quitDriver -->
      </class> <!-- com.newtours.tests.BookingFlightTest -->
    </test> <!-- book-flight-2-people -->
    <test name="book-flight-3-people" duration-ms="35127" started-at="2020-04-13T08:22:24Z" finished-at="2020-04-13T08:23:00Z">
      <class name="com.newtours.tests.BookingFlightTest">
        <test-method status="PASS" signature="setUpDriver()[pri:0, instance:com.newtours.tests.BookingFlightTest@19bb089b]" name="setUpDriver" is-config="true" duration-ms="4689" started-at="2020-04-13T13:52:24Z" finished-at="2020-04-13T13:52:29Z">
          <reporter-output>
          </reporter-output>
        </test-method> <!-- setUpDriver -->
        <test-method status="PASS" signature="registrationPageTest()[pri:0, instance:com.newtours.tests.BookingFlightTest@19bb089b]" name="registrationPageTest" duration-ms="28816" started-at="2020-04-13T13:52:29Z" finished-at="2020-04-13T13:52:58Z">
          <reporter-output>
          </reporter-output>
        </test-method> <!-- registrationPageTest -->
        <test-method status="PASS" signature="registrationConfirmationPage()[pri:0, instance:com.newtours.tests.BookingFlightTest@19bb089b]" name="registrationConfirmationPage" duration-ms="1157" started-at="2020-04-13T13:52:58Z" depends-on-methods="com.newtours.tests.BookingFlightTest.registrationPageTest" finished-at="2020-04-13T13:52:59Z">
          <reporter-output>
          </reporter-output>
        </test-method> <!-- registrationConfirmationPage -->
        <test-method status="FAIL" signature="enterFlightDetails()[pri:0, instance:com.newtours.tests.BookingFlightTest@19bb089b]" name="enterFlightDetails" duration-ms="373" started-at="2020-04-13T13:52:59Z" depends-on-methods="com.newtours.tests.BookingFlightTest.registrationConfirmationPage" finished-at="2020-04-13T13:52:59Z">
          <exception class="java.lang.NullPointerException">
            <full-stacktrace>
              <![CDATA[java.lang.NullPointerException
	at org.openqa.selenium.support.ui.Quotes.escape(Quotes.java:42)
	at org.openqa.selenium.support.ui.Select.selectByValue(Select.java:197)
	at com.newtours.pages.FlightDetailsPage.selectPassengers(FlightDetailsPage.java:32)
	at com.newtours.tests.BookingFlightTest.enterFlightDetails(BookingFlightTest.java:55)
	at sun.reflect.NativeMethodAccessorImpl.invoke0(Native Method)
	at sun.reflect.NativeMethodAccessorImpl.invoke(NativeMethodAccessorImpl.java:62)
	at sun.reflect.DelegatingMethodAccessorImpl.invoke(DelegatingMethodAccessorImpl.java:43)
	at java.lang.reflect.Method.invoke(Method.java:498)
	at org.testng.internal.MethodInvocationHelper.invokeMethod(MethodInvocationHelper.java:84)
	at org.testng.internal.Invoker.invokeMethod(Invoker.java:714)
	at org.testng.internal.Invoker.invokeTestMethod(Invoker.java:901)
	at org.testng.internal.Invoker.invokeTestMethods(Invoker.java:1231)
	at org.testng.internal.TestMethodWorker.invokeTestMethods(TestMethodWorker.java:127)
	at org.testng.internal.TestMethodWorker.run(TestMethodWorker.java:111)
	at org.testng.TestRunner.privateRun(TestRunner.java:767)
	at org.testng.TestRunner.run(TestRunner.java:617)
	at org.testng.SuiteRunner.runTest(SuiteRunner.java:334)
	at org.testng.SuiteRunner.access$000(SuiteRunner.java:37)
	at org.testng.SuiteRunner$SuiteWorker.run(SuiteRunner.java:368)
	at org.testng.internal.thread.ThreadUtil$2.call(ThreadUtil.java:64)
	at java.util.concurrent.FutureTask.run(FutureTask.java:266)
	at java.util.concurrent.ThreadPoolExecutor.runWorker(ThreadPoolExecutor.java:1149)
	at java.util.concurrent.ThreadPoolExecutor$Worker.run(ThreadPoolExecutor.java:624)
	at java.lang.Thread.run(Thread.java:748)
]]>
            </full-stacktrace>
          </exception> <!-- java.lang.NullPointerException -->
          <reporter-output>
          </reporter-output>
        </test-method> <!-- enterFlightDetails -->
        <test-method status="SKIP" signature="findFlightPage()[pri:0, instance:com.newtours.tests.BookingFlightTest@19bb089b]" name="findFlightPage" duration-ms="0" started-at="2020-04-13T13:52:59Z" depends-on-methods="com.newtours.tests.BookingFlightTest.enterFlightDetails" finished-at="2020-04-13T13:52:59Z">
          <reporter-output>
          </reporter-output>
        </test-method> <!-- findFlightPage -->
        <test-method status="SKIP" signature="flightConfirmation()[pri:0, instance:com.newtours.tests.BookingFlightTest@19bb089b]" name="flightConfirmation" duration-ms="0" started-at="2020-04-13T13:52:59Z" depends-on-methods="com.newtours.tests.BookingFlightTest.findFlightPage" finished-at="2020-04-13T13:52:59Z">
          <reporter-output>
          </reporter-output>
        </test-method> <!-- flightConfirmation -->
        <test-method status="PASS" signature="quitDriver()[pri:0, instance:com.newtours.tests.BookingFlightTest@19bb089b]" name="quitDriver" is-config="true" duration-ms="62" started-at="2020-04-13T13:52:59Z" finished-at="2020-04-13T13:53:00Z">
          <reporter-output>
          </reporter-output>
        </test-method> <!-- quitDriver -->
      </class> <!-- com.newtours.tests.BookingFlightTest -->
    </test> <!-- book-flight-3-people -->
  </suite> <!-- book-flight-module -->
</testng-results>
