<?xml version="1.0" encoding="UTF-8"?>
<!-- Generated by org.testng.reporters.JUnitXMLReporter -->
<testsuite hostname="LTMAVH1" name="book-flight-3-people" tests="5" failures="1" timestamp="13 Apr 2020 08:23:00 GMT" time="35.127" errors="0">
  <testcase name="registrationPageTest" time="28.816" classname="com.newtours.tests.BookingFlightTest"/>
  <testcase name="registrationConfirmationPage" time="1.157" classname="com.newtours.tests.BookingFlightTest"/>
  <testcase name="enterFlightDetails" time="0.373" classname="com.newtours.tests.BookingFlightTest">
    <failure type="java.lang.NullPointerException">
      <![CDATA[java.lang.NullPointerException
	at org.openqa.selenium.support.ui.Quotes.escape(Quotes.java:42)
	at org.openqa.selenium.support.ui.Select.selectByValue(Select.java:197)
	at com.newtours.pages.FlightDetailsPage.selectPassengers(FlightDetailsPage.java:32)
	at com.newtours.tests.BookingFlightTest.enterFlightDetails(BookingFlightTest.java:55)
	at java.util.concurrent.FutureTask.run(FutureTask.java:266)
	at java.util.concurrent.ThreadPoolExecutor.runWorker(ThreadPoolExecutor.java:1149)
	at java.util.concurrent.ThreadPoolExecutor$Worker.run(ThreadPoolExecutor.java:624)
	at java.lang.Thread.run(Thread.java:748)
... Removed 16 stack frames]]>
    </failure>
  </testcase> <!-- enterFlightDetails -->
  <testcase name="findFlightPage" time="0.0" classname="com.newtours.tests.BookingFlightTest">
    <skipped/>
  </testcase> <!-- findFlightPage -->
  <testcase name="flightConfirmation" time="0.0" classname="com.newtours.tests.BookingFlightTest">
    <skipped/>
  </testcase> <!-- flightConfirmation -->
</testsuite> <!-- book-flight-3-people -->
