<?xml version="1.0" encoding="UTF-8"?>
<!-- Generated by org.testng.reporters.JUnitXMLReporter -->
<testsuite hostname="LTMAVH1" name="book-flight-4-people" tests="5" failures="1" timestamp="13 Apr 2020 07:11:37 GMT" time="20.896" errors="0">
  <testcase name="registrationPageTest" time="16.673" classname="com.newtours.tests.BookingFlightTest"/>
  <testcase name="registrationConfirmationPage" time="1.055" classname="com.newtours.tests.BookingFlightTest"/>
  <testcase name="enterFlightDetails" time="0.148" classname="com.newtours.tests.BookingFlightTest">
    <failure type="java.lang.NullPointerException">
      <![CDATA[java.lang.NullPointerException
	at org.openqa.selenium.support.ui.Quotes.escape(Quotes.java:42)
	at org.openqa.selenium.support.ui.Select.selectByValue(Select.java:197)
	at com.newtours.pages.FlightDetailsPage.selectPassengers(FlightDetailsPage.java:32)
	at com.newtours.tests.BookingFlightTest.enterFlightDetails(BookingFlightTest.java:53)
... Removed 24 stack frames]]>
    </failure>
  </testcase> <!-- enterFlightDetails -->
  <testcase name="findFlightPage" time="0.0" classname="com.newtours.tests.BookingFlightTest">
    <skipped/>
  </testcase> <!-- findFlightPage -->
  <testcase name="flightConfirmation" time="0.0" classname="com.newtours.tests.BookingFlightTest">
    <skipped/>
  </testcase> <!-- flightConfirmation -->
</testsuite> <!-- book-flight-4-people -->
