<?xml version="1.0" encoding="UTF-8"?>
<!-- Generated by org.testng.reporters.JUnitXMLReporter -->
<testsuite hostname="LTMAVH1" name="book-flight" tests="5" failures="0" timestamp="12 Apr 2020 18:10:19 GMT" time="22.94" errors="0">
  <testcase name="registrationPageTest" time="13.159" classname="com.newtours.tests.BookingFlightTest"/>
  <testcase name="registrationConfirmationPage" time="1.08" classname="com.newtours.tests.BookingFlightTest"/>
  <testcase name="enterFlightDetails" time="1.064" classname="com.newtours.tests.BookingFlightTest"/>
  <testcase name="findFlightPage" time="2.471" classname="com.newtours.tests.BookingFlightTest"/>
  <testcase name="flightConfirmation" time="1.366" classname="com.newtours.tests.BookingFlightTest"/>
</testsuite> <!-- book-flight -->
